 RECORD      H       K       L      FSQ  SIGFSQ      F  SIGF   THETA   OMEGA     CHI     PHI    FWHH DEVOM  STEP   ERR     TEMP    FIELD
 88990   0.000   0.000   1.000    30.60    0.93   5.53  0.08    5.25   46.84   -0.01    0.00    0.41 -0.21  0.10     0    0.051    0.000
 88991   0.000   0.000   2.000   711.66    4.93  26.68  0.09   10.55   52.14   -0.01    0.00    0.40 -0.15  0.09     0    0.051    0.000
 88992   0.000   0.000   3.000  2609.99   11.54  51.09  0.11   15.95   57.53   -0.01    0.00    0.40 -0.11  0.08     0    0.050    0.000
 88993   0.000   0.000   4.000   457.82    5.23  21.40  0.12   21.49   63.08   -0.01    0.00    0.38 -0.07  0.07     0    0.049    0.000
 88994   0.000   0.000   5.000   242.08    8.52  15.56  0.27   27.25   68.84   -0.03    0.00    0.36 -0.01  0.07     0    0.048    0.000
 88995   0.000   0.000   6.000   908.26    8.32  30.14  0.14   33.33   74.92   -0.03    0.00    0.39  0.06  0.07     0    0.047    0.000
 88996  -1.000  -1.000   6.000   113.52    3.88  10.65  0.18   36.88   54.76   -0.25    0.00    0.39  0.13  0.08     0    0.047    0.000
 88997  -1.000  -1.000   5.000   783.48    8.24  27.99  0.15   31.17   44.97   -0.25    0.00    0.42  0.06  0.07     0    0.046    0.000
 88998  -1.000  -1.000   4.000   712.45   11.16  26.69  0.21   26.02   34.23   -0.25    0.00    0.36  0.02  0.07     0    0.045    0.000
 88999  -1.000  -1.000   3.000   228.96    4.10  15.13  0.14   21.45   21.74   -0.23    0.00    0.38 -0.02  0.07     0    0.045    0.000
 89000  -1.000  -1.000   2.000   214.32    4.51  14.64  0.15   17.64    6.42   -0.23    0.00    0.35 -0.05  0.07     0    0.044    0.000
 89001  -1.000  -1.000   1.000   958.21    6.52  30.95  0.11   14.96  -12.67   -0.23    0.00    0.40 -0.05  0.08     0    0.043    0.000
 89002  -1.000  -1.000   0.000   435.54    4.37  20.87  0.10   13.96  -34.45   -0.23    0.00    0.38 -0.03  0.08     0    0.042    0.000
 89003  -1.000  -1.000  -1.000   851.96    6.13  29.19  0.11   14.96  -54.24   -0.21    0.00    0.37 -0.01  0.08     0    0.042    0.000
 89004  -1.000  -1.000  -2.000   217.04    4.58  14.73  0.16   17.64  -67.97   -0.21    0.00    0.34  0.01  0.07     0    0.041    0.000
 89005  -1.000  -1.000  -3.000   228.10    3.85  15.10  0.13   21.45  -75.67   -0.21    0.00    0.37  0.04  0.07     0    0.041    0.000
 89006  -1.000  -1.000  -4.000   780.64    9.83  27.94  0.18   26.02  -79.02   -0.19    0.00    0.38  0.06  0.07     0    0.041    0.000
 89007  -1.000  -1.000  -5.000   869.59    8.36  29.49  0.14   31.17  -79.45   -0.19    0.00    0.38  0.10  0.07     0    0.040    0.000
 89008  -1.000  -1.000  -6.000   150.83    4.92  12.28  0.20   36.88  -77.82   -0.19    0.00    0.36  0.12  0.08     0    0.039    0.000
 89009  -1.000  -1.000  -7.000   279.96    6.85  16.73  0.20   43.23  -74.55   -0.19    0.00    0.44  0.20  0.08     0    0.039    0.000
 89010   0.000   0.000  -8.000   666.26    8.38  25.81  0.16   47.11  -91.31    0.05    0.00    0.48  0.26  0.09     0    0.039    0.000
 89011   0.000   0.000  -7.000   757.99    8.36  27.53  0.15   39.87  -98.54    0.05    0.00    0.41  0.18  0.08     0    0.038    0.000
 89012   1.000   1.000  -7.000   315.05    7.08  17.75  0.20   43.23 -115.81    0.25    0.00    0.43  0.25  0.08     0    0.038    0.000
 89013   2.000   2.000  -6.000   313.96    5.97  17.72  0.17   47.00 -132.71    0.46    0.00    0.44  0.32  0.09     0    0.038    0.000
 89015   2.000   2.000  -4.000   509.70    6.58  22.58  0.15   37.29 -153.92    0.46    0.00    0.39  0.21  0.08     0    0.036    0.000
 89016   2.000   2.000  -3.000  1543.07   10.94  39.28  0.14   33.74 -165.03    0.46    0.00    0.37  0.17  0.07     0    0.037    0.000
 89017   2.000   2.000  -2.000   -53.05   21.19   0.00  1.45   31.08 -176.55    0.44    0.00    0.13  0.08  0.07    20    0.036    0.000
 89018   1.000   1.000  -3.000   224.22    4.18  14.97  0.14   21.45 -158.26    0.23    0.00    0.37  0.08  0.07     0    0.037    0.000
 89019   1.000   1.000  -4.000   786.29   10.09  28.04  0.18   26.02 -145.77    0.23    0.00    0.35  0.13  0.07     0    0.036    0.000
 89020   1.000   1.000  -5.000   903.90    8.87  30.06  0.15   31.17 -135.03    0.23    0.00    0.37  0.18  0.07     0    0.035    0.000
 89021   1.000   1.000  -6.000   148.77    5.67  12.20  0.23   36.88 -125.24    0.25    0.00    0.37  0.24  0.08     0    0.036    0.000
 89022   0.000   0.000  -6.000  1187.59    9.63  34.46  0.14   33.33 -105.08    0.03    0.00    0.36  0.19  0.07     0    0.036    0.000
 89023   0.000   0.000  -5.000   294.23    8.66  17.15  0.25   27.25 -111.16    0.03    0.00    0.38  0.15  0.07     0    0.036    0.000
 89024   0.000   0.000  -4.000   545.70    5.80  23.36  0.12   21.49 -116.92    0.03    0.00    0.38  0.10  0.07     0    0.036    0.000
 89025   0.000   0.000  -3.000  3055.46   12.72  55.28  0.12   15.95 -122.47    0.03    0.00    0.41  0.07  0.08     0    0.035    0.000
 89026   0.000   0.000  -2.000   822.43    5.30  28.68  0.09   10.55 -127.86    0.01    0.00    0.40  0.03  0.09     0    0.035    0.000
 89027   0.000   0.000  -1.000    36.79    1.06   6.07  0.09    5.25 -133.16    0.01    0.00    0.44 -0.01  0.10     0    0.035    0.000
 89028   1.000   1.000  -2.000   209.37    4.43  14.47  0.15   17.64 -173.58    0.23    0.00    0.34  0.04  0.07     0    0.035    0.000
 89029   3.000   3.000  -1.000   967.71   10.51  31.11  0.17   46.87 -174.34    0.65    0.00    0.46  0.41  0.09     0    0.036    0.000
 89030   3.000   3.000  -2.000   306.22    6.12  17.50  0.17   48.31 -165.90    0.65    0.00    0.46  0.42  0.09     0    0.036    0.000
 89032  -2.000  -2.000  -4.000   490.42    6.63  22.15  0.15   37.30  -48.31   -0.40    0.00    0.38  0.20  0.08     0    0.037    0.000
 89033  -2.000  -2.000  -3.000  1574.04   11.04  39.67  0.14   33.74  -44.33   -0.40    0.00    0.38  0.15  0.07     0    0.037    0.000
 89034  -2.000  -2.000  -2.000   237.94    5.34  15.43  0.17   31.08  -38.11   -0.42    0.00    0.36  0.13  0.07     0    0.038    0.000
 89035  -2.000  -2.000  -1.000   201.05    4.47  14.18  0.16   29.42  -29.73   -0.42    0.00    0.36  0.09  0.07     0    0.038    0.000
 89036  -2.000  -2.000   0.000  2395.63   12.76  48.95  0.13   28.86  -19.55   -0.42    0.00    0.37  0.10  0.07     0    0.038    0.000
 89037  -2.000  -2.000   1.000   192.63    4.69  13.88  0.17   29.42   -8.24   -0.44    0.00    0.35  0.10  0.07     0    0.039    0.000
 89038  -2.000  -2.000   2.000   225.60    5.25  15.02  0.17   31.08    3.45   -0.44    0.00    0.38  0.11  0.07     0    0.039    0.000
 89039  -2.000  -2.000   3.000  1420.72   10.47  37.69  0.14   33.74   14.97   -0.44    0.00    0.39  0.13  0.07     0    0.039    0.000
 89040  -2.000  -2.000   4.000   390.58    5.86  19.76  0.15   37.29   26.08   -0.44    0.00    0.42  0.16  0.08     0    0.039    0.000
 89042  -2.000  -2.000   6.000   101.81    4.53  10.09  0.22   47.00   47.29   -0.46    0.00    0.62  0.12  0.09     0    0.040    0.000
 89043  -1.000  -1.000   7.000   158.51    6.46  12.59  0.26   43.23   64.19   -0.25    0.00    0.54  0.18  0.08     0    0.040    0.000
 89044   0.000   0.000   7.000   474.80    6.74  21.79  0.15   39.87   81.46   -0.04    0.00    0.42  0.16  0.08     0    0.040    0.000
 89045   1.000   1.000   6.000   102.98    3.63  10.15  0.18   36.88  102.18    0.18    0.00    0.36  0.10  0.08     0    0.041    0.000
 89046   1.000   1.000   5.000   648.80    8.07  25.47  0.16   31.17  100.55    0.18    0.00    0.36  0.04  0.07     0    0.040    0.000
 89047   1.000   1.000   4.000   570.07    9.53  23.88  0.20   26.02  100.98    0.18    0.00    0.40 -0.03  0.07     0    0.040    0.000
 89048   1.000   1.000   3.000   176.53    3.63  13.29  0.14   21.45  104.33    0.20    0.00    0.39 -0.08  0.07     0    0.040    0.000
 89049   1.000   1.000   2.000   159.97    4.12  12.65  0.16   17.64  112.03    0.20    0.00    0.41 -0.13  0.07     0    0.040    0.000
 89050   1.000   1.000   1.000   664.49    5.49  25.78  0.11   14.96  125.76    0.20    0.00    0.46 -0.19  0.08     0    0.040    0.000
 89051   1.000   1.000   0.000   339.45    4.13  18.42  0.11   13.96  145.55    0.22    0.00    0.45 -0.19  0.08     0    0.039    0.000
 89052   1.000   1.000  -1.000   791.59    5.96  28.14  0.11   14.96  167.33    0.22    0.00    0.39 -0.18  0.08     0    0.039    0.000
 89053   2.000   2.000   0.000  2002.33   11.71  44.75  0.13   28.86  160.45    0.43    0.00    0.38 -0.01  0.07     0    0.039    0.000
 89054   2.000   2.000   1.000   157.49    3.93  12.55  0.16   29.42  150.27    0.43    0.00    0.40 -0.00  0.07     0    0.039    0.000
 89055   2.000   2.000   2.000   188.19    5.16  13.72  0.19   31.08  141.89    0.43    0.00    0.41  0.01  0.07     0    0.039    0.000
 89056   2.000   2.000   3.000  1281.01    9.80  35.79  0.14   33.74  135.67    0.41    0.00    0.39  0.05  0.07     0    0.039    0.000
 89057   2.000   2.000   4.000   392.50    5.91  19.81  0.15   37.30  131.69    0.41    0.00    0.39  0.12  0.08     0    0.039    0.000
 89059   2.000   2.000   6.000   211.68    5.76  14.55  0.20   47.00  129.88    0.41    0.00    0.51  0.26  0.09     0    0.039    0.000
 89060   1.000   1.000   7.000   181.28    5.29  13.46  0.20   43.23  105.45    0.18    0.00    0.50  0.18  0.08     0    0.039    0.000
 89061   0.000   0.000   8.000   244.91    6.15  15.65  0.20   47.11   88.69   -0.04    0.00    0.57  0.18  0.09     0    0.038    0.000
 89062  -3.000  -3.000   2.000   151.40    4.34  12.30  0.18   48.31   14.10   -0.66    0.00    0.52  0.08  0.09     0    0.038    0.000
 89063  -3.000  -3.000   1.000   576.44    8.40  24.01  0.17   46.87    5.66   -0.66    0.00    0.49  0.12  0.09     0    0.038    0.000
 89064  -3.000  -3.000   0.000   178.13    6.37  13.35  0.24   46.38   -2.03   -0.66    0.00    0.43  0.13  0.09     0    0.037    0.000
 89065  -3.000  -3.000  -1.000   682.30    9.10  26.12  0.17   46.87   -8.76   -0.64    0.00    0.43  0.19  0.09     0    0.038    0.000
 89066  -3.000  -3.000  -2.000   241.29    6.03  15.53  0.19   48.31  -14.30   -0.64    0.00    0.41  0.23  0.09     0    0.037    0.000
 89067  -2.000  -2.000  -6.000   254.22    6.04  15.94  0.19   47.00  -50.12   -0.40    0.00    0.46  0.34  0.09     0    0.039    0.000
 89068   3.000   3.000   2.000   288.14    5.94  16.97  0.17   48.31  165.70    0.64    0.00    0.48  0.31  0.09     0    0.038    0.000
 89069   3.000   3.000   1.000   919.83    9.85  30.33  0.16   46.87  171.24    0.64    0.00    0.49  0.27  0.09     0    0.038    0.000
 89070  -3.000  -3.000  -0.000   187.18    7.09  13.68  0.26   46.38   -2.03   -0.65    0.00    0.56  0.17  0.09     0    0.038    0.000
 89071   2.000   2.000  -1.000   171.16    3.95  13.08  0.15   29.42  171.76    0.44    0.00    0.37 -0.02  0.07     0    0.038    0.000
 89014   2.000   2.000  -5.000     2.40    2.44   1.55  0.79   41.70 -143.21    0.46    0.00    0.00  0.00  0.08  1000    0.037    0.000
 89031  -2.000  -2.000  -5.000     6.85    2.62   2.62  0.50   41.71  -50.20   -0.40    0.00    0.00  0.00  0.08  1000    0.037    0.000
 89041  -2.000  -2.000   5.000     4.05    2.22   2.01  0.55   41.70   36.79   -0.46    0.00    0.00  0.00  0.08  1000    0.039    0.000
 89058   2.000   2.000   5.000     5.23    2.08   2.29  0.46   41.71  129.80    0.41    0.00    0.00  0.00  0.08  1000    0.039    0.000
